<?xml version="1.0" encoding="UTF-8"?>
<testng-results ignored="0" total="1" passed="1" failed="0" skipped="0">
  <reporter-output>
  </reporter-output>
  <suite started-at="2022-01-06T17:27:10 MST" name="Default suite" finished-at="2022-01-06T17:27:28 MST" duration-ms="18741">
    <groups>
    </groups>
    <test started-at="2022-01-06T17:27:10 MST" name="Default test" finished-at="2022-01-06T17:27:28 MST" duration-ms="18741">
      <class name="progressBar.progressBar">
        <test-method is-config="true" signature="setup()[pri:0, instance:progressBar.progressBar@460d0a57]" started-at="2022-01-06T17:27:10 MST" name="setup" finished-at="2022-01-06T17:27:11 MST" duration-ms="927" status="PASS">
          <reporter-output>
          </reporter-output>
        </test-method> <!-- setup -->
        <test-method signature="loadprogressBar()[pri:0, instance:progressBar.progressBar@460d0a57]" started-at="2022-01-06T17:27:11 MST" name="loadprogressBar" finished-at="2022-01-06T17:27:28 MST" duration-ms="17676" status="PASS">
          <reporter-output>
          </reporter-output>
        </test-method> <!-- loadprogressBar -->
        <test-method is-config="true" signature="cleanup()[pri:0, instance:progressBar.progressBar@460d0a57]" started-at="2022-01-06T17:27:28 MST" name="cleanup" finished-at="2022-01-06T17:27:28 MST" duration-ms="116" status="PASS">
          <reporter-output>
          </reporter-output>
        </test-method> <!-- cleanup -->
      </class> <!-- progressBar.progressBar -->
    </test> <!-- Default test -->
  </suite> <!-- Default suite -->
</testng-results>
